<?xml version="1.0" encoding="UTF-8"?>
<!-- Generated by org.testng.reporters.JUnitReportReporter -->
<testsuite hostname="operationss-MBP" name="tests.PutRequest" tests="1" failures="0" timestamp="12 Aug 2018 22:57:41 GMT" time="1.154" errors="0">
  <testcase name="putApi" time="1.154" classname="tests.PutRequest"/>
</testsuite> <!-- tests.PutRequest -->
