<?xml version="1.0" encoding="UTF-8"?>
<!-- Generated by org.testng.reporters.JUnitReportReporter -->
<testsuite hostname="operationss-MBP" name="tests.GetIdRequest" tests="6" failures="0" timestamp="12 Aug 2018 22:57:41 GMT" time="6.860" errors="0">
  <testcase name="getresponse" time="1.042" classname="tests.GetIdRequest"/>
  <testcase name="getIdApi" time="1.719" classname="tests.GetIdRequest"/>
  <testcase name="getIdApi" time="1.064" classname="tests.GetIdRequest"/>
  <testcase name="getIdApi" time="1.004" classname="tests.GetIdRequest"/>
  <testcase name="getresponse" time="0.975" classname="tests.GetIdRequest"/>
  <testcase name="getresponse" time="1.056" classname="tests.GetIdRequest"/>
</testsuite> <!-- tests.GetIdRequest -->
